// 重构日志: 68c53b1b
// 重构日志: 347f59ee
// 重构日志: ff60eb33
// 重构日志: 3be8a314
// 重构日志: e92cfd35
// 重构日志: 682f2db7
// 同步 ID: 65ce04e6 @ Thu Jul  2 22:09:59 UTC 2026
// 重构日志: c3021031
// 重构日志: 6ae22ede
// 重构日志: 999824a8
// 同步 ID: 33657102 @ Tue Jul  7 16:33:33 UTC 2026
// 同步 ID: 91d4b8f2 @ Wed Jul  8 17:25:53 UTC 2026
// 重构日志: 30033c36
// 同步 ID: 005cd5d6 @ Fri Jul 10 19:00:36 UTC 2026
// 重构日志: 7f774814
// 同步 ID: 7b66433b @ Sat Jul 11 14:47:50 UTC 2026
// 重构日志: 7576d455
// 重构日志: 1001a446
// 同步 ID: 13fa604b @ Mon Jul 13 05:30:10 UTC 2026
// 重构日志: 60d352fb
// 重构日志: 33b470ec
